<?xml version="1.0" encoding="UTF-8"?>
<testng-results skipped="0" failed="0" ignored="0" total="1" passed="1">
  <reporter-output>
  </reporter-output>
  <suite name="Default suite" duration-ms="94820" started-at="2020-01-15T07:12:16Z" finished-at="2020-01-15T07:13:51Z">
    <groups>
    </groups>
    <test name="Default test" duration-ms="94820" started-at="2020-01-15T07:12:16Z" finished-at="2020-01-15T07:13:51Z">
      <class name="com.test.Testscript">
        <test-method status="PASS" signature="createReport()[pri:0, instance:com.test.Testscript@2038ae61]" name="createReport" is-config="true" duration-ms="160" started-at="2020-01-15T12:42:16Z" finished-at="2020-01-15T12:42:16Z">
          <reporter-output>
          </reporter-output>
        </test-method> <!-- createReport -->
        <test-method status="PASS" signature="openBrowser()[pri:0, instance:com.test.Testscript@2038ae61]" name="openBrowser" duration-ms="94086" started-at="2020-01-15T12:42:16Z" finished-at="2020-01-15T12:43:50Z">
          <reporter-output>
          </reporter-output>
        </test-method> <!-- openBrowser -->
        <test-method status="PASS" signature="flush()[pri:0, instance:com.test.Testscript@2038ae61]" name="flush" is-config="true" duration-ms="550" started-at="2020-01-15T12:43:50Z" finished-at="2020-01-15T12:43:51Z">
          <reporter-output>
          </reporter-output>
        </test-method> <!-- flush -->
      </class> <!-- com.test.Testscript -->
    </test> <!-- Default test -->
  </suite> <!-- Default suite -->
</testng-results>
